[Wed Mar 15 22:17:10.746771 2023] [ssl:warn] [pid 42560:tid 420] AH01909: www.example.com:443:0 server certificate does NOT include an ID which matches the server name
[Wed Mar 15 22:17:10.779683 2023] [ssl:warn] [pid 42560:tid 420] AH01909: www.example.com:443:0 server certificate does NOT include an ID which matches the server name
[Wed Mar 15 22:17:10.822217 2023] [mpm_winnt:notice] [pid 42560:tid 420] AH00455: Apache/2.4.54 (Win64) OpenSSL/1.1.1p PHP/8.2.0 configured -- resuming normal operations
[Wed Mar 15 22:17:10.822217 2023] [mpm_winnt:notice] [pid 42560:tid 420] AH00456: Apache Lounge VS16 Server built: Jun 22 2022 09:58:15
[Wed Mar 15 22:17:10.822217 2023] [core:notice] [pid 42560:tid 420] AH00094: Command line: 'C:\\xampp\\apache\\bin\\httpd.exe -d C:/xampp/apache'
[Wed Mar 15 22:17:10.827205 2023] [mpm_winnt:notice] [pid 42560:tid 420] AH00418: Parent: Created child process 34288
[Wed Mar 15 22:17:11.433083 2023] [ssl:warn] [pid 34288:tid 432] AH01909: www.example.com:443:0 server certificate does NOT include an ID which matches the server name
[Wed Mar 15 22:17:11.466993 2023] [ssl:warn] [pid 34288:tid 432] AH01909: www.example.com:443:0 server certificate does NOT include an ID which matches the server name
[Wed Mar 15 22:17:11.504892 2023] [mpm_winnt:notice] [pid 34288:tid 432] AH00354: Child: Starting 150 worker threads.
[Wed Mar 15 22:18:09.790442 2023] [ssl:warn] [pid 42316:tid 472] AH01909: www.example.com:443:0 server certificate does NOT include an ID which matches the server name
[Wed Mar 15 22:18:09.829338 2023] [ssl:warn] [pid 42316:tid 472] AH01909: www.example.com:443:0 server certificate does NOT include an ID which matches the server name
[Wed Mar 15 22:18:09.878209 2023] [mpm_winnt:notice] [pid 42316:tid 472] AH00455: Apache/2.4.54 (Win64) OpenSSL/1.1.1p PHP/8.2.0 configured -- resuming normal operations
[Wed Mar 15 22:18:09.878209 2023] [mpm_winnt:notice] [pid 42316:tid 472] AH00456: Apache Lounge VS16 Server built: Jun 22 2022 09:58:15
[Wed Mar 15 22:18:09.878209 2023] [core:notice] [pid 42316:tid 472] AH00094: Command line: 'c:\\xampp\\apache\\bin\\httpd.exe -d C:/xampp/apache'
[Wed Mar 15 22:18:09.883229 2023] [mpm_winnt:notice] [pid 42316:tid 472] AH00418: Parent: Created child process 36612
[Wed Mar 15 22:18:10.393834 2023] [ssl:warn] [pid 36612:tid 448] AH01909: www.example.com:443:0 server certificate does NOT include an ID which matches the server name
[Wed Mar 15 22:18:10.433728 2023] [ssl:warn] [pid 36612:tid 448] AH01909: www.example.com:443:0 server certificate does NOT include an ID which matches the server name
[Wed Mar 15 22:18:10.478610 2023] [mpm_winnt:notice] [pid 36612:tid 448] AH00354: Child: Starting 150 worker threads.
[Thu Mar 16 20:56:25.530898 2023] [ssl:warn] [pid 14276:tid 424] AH01909: www.example.com:443:0 server certificate does NOT include an ID which matches the server name
[Thu Mar 16 20:56:25.566373 2023] [core:warn] [pid 14276:tid 424] AH00098: pid file C:/xampp/apache/logs/httpd.pid overwritten -- Unclean shutdown of previous Apache run?
[Thu Mar 16 20:56:25.568367 2023] [ssl:warn] [pid 14276:tid 424] AH01909: www.example.com:443:0 server certificate does NOT include an ID which matches the server name
[Thu Mar 16 20:56:25.843122 2023] [mpm_winnt:notice] [pid 14276:tid 424] AH00455: Apache/2.4.54 (Win64) OpenSSL/1.1.1p PHP/8.2.0 configured -- resuming normal operations
[Thu Mar 16 20:56:25.844120 2023] [mpm_winnt:notice] [pid 14276:tid 424] AH00456: Apache Lounge VS16 Server built: Jun 22 2022 09:58:15
[Thu Mar 16 20:56:25.844120 2023] [core:notice] [pid 14276:tid 424] AH00094: Command line: 'c:\\xampp\\apache\\bin\\httpd.exe -d C:/xampp/apache'
[Thu Mar 16 20:56:25.847142 2023] [mpm_winnt:notice] [pid 14276:tid 424] AH00418: Parent: Created child process 16220
[Thu Mar 16 20:56:26.236392 2023] [ssl:warn] [pid 16220:tid 424] AH01909: www.example.com:443:0 server certificate does NOT include an ID which matches the server name
[Thu Mar 16 20:56:26.272520 2023] [ssl:warn] [pid 16220:tid 424] AH01909: www.example.com:443:0 server certificate does NOT include an ID which matches the server name
[Thu Mar 16 20:56:26.310347 2023] [mpm_winnt:notice] [pid 16220:tid 424] AH00354: Child: Starting 150 worker threads.
[Wed Mar 22 15:17:02.334639 2023] [ssl:warn] [pid 3712:tid 420] AH01909: www.example.com:443:0 server certificate does NOT include an ID which matches the server name
[Wed Mar 22 15:17:02.374640 2023] [core:warn] [pid 3712:tid 420] AH00098: pid file C:/xampp/apache/logs/httpd.pid overwritten -- Unclean shutdown of previous Apache run?
[Wed Mar 22 15:17:02.374640 2023] [ssl:warn] [pid 3712:tid 420] AH01909: www.example.com:443:0 server certificate does NOT include an ID which matches the server name
[Wed Mar 22 15:17:02.622984 2023] [mpm_winnt:notice] [pid 3712:tid 420] AH00455: Apache/2.4.54 (Win64) OpenSSL/1.1.1p PHP/8.2.0 configured -- resuming normal operations
[Wed Mar 22 15:17:02.622984 2023] [mpm_winnt:notice] [pid 3712:tid 420] AH00456: Apache Lounge VS16 Server built: Jun 22 2022 09:58:15
[Wed Mar 22 15:17:02.622984 2023] [core:notice] [pid 3712:tid 420] AH00094: Command line: 'c:\\xampp\\apache\\bin\\httpd.exe -d C:/xampp/apache'
[Wed Mar 22 15:17:02.632984 2023] [mpm_winnt:notice] [pid 3712:tid 420] AH00418: Parent: Created child process 2796
[Wed Mar 22 15:17:02.982984 2023] [ssl:warn] [pid 2796:tid 424] AH01909: www.example.com:443:0 server certificate does NOT include an ID which matches the server name
[Wed Mar 22 15:17:03.012984 2023] [ssl:warn] [pid 2796:tid 424] AH01909: www.example.com:443:0 server certificate does NOT include an ID which matches the server name
[Wed Mar 22 15:17:03.042985 2023] [mpm_winnt:notice] [pid 2796:tid 424] AH00354: Child: Starting 150 worker threads.
[Wed Mar 22 17:18:48.902391 2023] [ssl:warn] [pid 11324:tid 444] AH01909: www.example.com:443:0 server certificate does NOT include an ID which matches the server name
[Wed Mar 22 17:18:48.932391 2023] [core:warn] [pid 11324:tid 444] AH00098: pid file C:/xampp/apache/logs/httpd.pid overwritten -- Unclean shutdown of previous Apache run?
[Wed Mar 22 17:18:48.942391 2023] [ssl:warn] [pid 11324:tid 444] AH01909: www.example.com:443:0 server certificate does NOT include an ID which matches the server name
[Wed Mar 22 17:18:48.972391 2023] [mpm_winnt:notice] [pid 11324:tid 444] AH00455: Apache/2.4.54 (Win64) OpenSSL/1.1.1p PHP/8.2.0 configured -- resuming normal operations
[Wed Mar 22 17:18:48.972391 2023] [mpm_winnt:notice] [pid 11324:tid 444] AH00456: Apache Lounge VS16 Server built: Jun 22 2022 09:58:15
[Wed Mar 22 17:18:48.972391 2023] [core:notice] [pid 11324:tid 444] AH00094: Command line: 'c:\\xampp\\apache\\bin\\httpd.exe -d C:/xampp/apache'
[Wed Mar 22 17:18:48.972391 2023] [mpm_winnt:notice] [pid 11324:tid 444] AH00418: Parent: Created child process 15484
[Wed Mar 22 17:18:49.323721 2023] [ssl:warn] [pid 15484:tid 412] AH01909: www.example.com:443:0 server certificate does NOT include an ID which matches the server name
[Wed Mar 22 17:18:49.353721 2023] [ssl:warn] [pid 15484:tid 412] AH01909: www.example.com:443:0 server certificate does NOT include an ID which matches the server name
[Wed Mar 22 17:18:49.393721 2023] [mpm_winnt:notice] [pid 15484:tid 412] AH00354: Child: Starting 150 worker threads.
[Thu May 04 02:28:04.020862 2023] [ssl:warn] [pid 19272:tid 404] AH01909: www.example.com:443:0 server certificate does NOT include an ID which matches the server name
[Thu May 04 02:28:04.057764 2023] [core:warn] [pid 19272:tid 404] AH00098: pid file C:/xampp/apache/logs/httpd.pid overwritten -- Unclean shutdown of previous Apache run?
[Thu May 04 02:28:04.061752 2023] [ssl:warn] [pid 19272:tid 404] AH01909: www.example.com:443:0 server certificate does NOT include an ID which matches the server name
[Thu May 04 02:28:04.311110 2023] [mpm_winnt:notice] [pid 19272:tid 404] AH00455: Apache/2.4.54 (Win64) OpenSSL/1.1.1p PHP/8.2.0 configured -- resuming normal operations
[Thu May 04 02:28:04.311110 2023] [mpm_winnt:notice] [pid 19272:tid 404] AH00456: Apache Lounge VS16 Server built: Jun 22 2022 09:58:15
[Thu May 04 02:28:04.311110 2023] [core:notice] [pid 19272:tid 404] AH00094: Command line: 'c:\\xampp\\apache\\bin\\httpd.exe -d C:/xampp/apache'
[Thu May 04 02:28:04.314101 2023] [mpm_winnt:notice] [pid 19272:tid 404] AH00418: Parent: Created child process 20660
[Thu May 04 02:28:04.665140 2023] [ssl:warn] [pid 20660:tid 424] AH01909: www.example.com:443:0 server certificate does NOT include an ID which matches the server name
[Thu May 04 02:28:04.697054 2023] [ssl:warn] [pid 20660:tid 424] AH01909: www.example.com:443:0 server certificate does NOT include an ID which matches the server name
[Thu May 04 02:28:04.733987 2023] [mpm_winnt:notice] [pid 20660:tid 424] AH00354: Child: Starting 150 worker threads.
[Fri May 05 16:09:41.197827 2023] [ssl:warn] [pid 16504:tid 408] AH01909: www.example.com:443:0 server certificate does NOT include an ID which matches the server name
[Fri May 05 16:09:41.316345 2023] [core:warn] [pid 16504:tid 408] AH00098: pid file C:/xampp/apache/logs/httpd.pid overwritten -- Unclean shutdown of previous Apache run?
[Fri May 05 16:09:41.325322 2023] [ssl:warn] [pid 16504:tid 408] AH01909: www.example.com:443:0 server certificate does NOT include an ID which matches the server name
[Fri May 05 16:09:41.900844 2023] [mpm_winnt:notice] [pid 16504:tid 408] AH00455: Apache/2.4.54 (Win64) OpenSSL/1.1.1p PHP/8.2.0 configured -- resuming normal operations
[Fri May 05 16:09:41.901841 2023] [mpm_winnt:notice] [pid 16504:tid 408] AH00456: Apache Lounge VS16 Server built: Jun 22 2022 09:58:15
[Fri May 05 16:09:41.901841 2023] [core:notice] [pid 16504:tid 408] AH00094: Command line: 'c:\\xampp\\apache\\bin\\httpd.exe -d C:/xampp/apache'
[Fri May 05 16:09:41.910207 2023] [mpm_winnt:notice] [pid 16504:tid 408] AH00418: Parent: Created child process 3172
[Fri May 05 16:09:42.814787 2023] [ssl:warn] [pid 3172:tid 436] AH01909: www.example.com:443:0 server certificate does NOT include an ID which matches the server name
[Fri May 05 16:09:42.884602 2023] [ssl:warn] [pid 3172:tid 436] AH01909: www.example.com:443:0 server certificate does NOT include an ID which matches the server name
[Fri May 05 16:09:42.980240 2023] [mpm_winnt:notice] [pid 3172:tid 436] AH00354: Child: Starting 150 worker threads.
[Fri May 12 17:40:52.333083 2023] [ssl:warn] [pid 21300:tid 176] AH01909: www.example.com:443:0 server certificate does NOT include an ID which matches the server name
[Fri May 12 17:40:52.366981 2023] [core:warn] [pid 21300:tid 176] AH00098: pid file C:/xampp/apache/logs/httpd.pid overwritten -- Unclean shutdown of previous Apache run?
[Fri May 12 17:40:52.368976 2023] [ssl:warn] [pid 21300:tid 176] AH01909: www.example.com:443:0 server certificate does NOT include an ID which matches the server name
[Fri May 12 17:40:52.636170 2023] [mpm_winnt:notice] [pid 21300:tid 176] AH00455: Apache/2.4.54 (Win64) OpenSSL/1.1.1p PHP/8.2.0 configured -- resuming normal operations
[Fri May 12 17:40:52.636170 2023] [mpm_winnt:notice] [pid 21300:tid 176] AH00456: Apache Lounge VS16 Server built: Jun 22 2022 09:58:15
[Fri May 12 17:40:52.636170 2023] [core:notice] [pid 21300:tid 176] AH00094: Command line: 'c:\\xampp\\apache\\bin\\httpd.exe -d C:/xampp/apache'
[Fri May 12 17:40:52.641157 2023] [mpm_winnt:notice] [pid 21300:tid 176] AH00418: Parent: Created child process 18472
[Fri May 12 17:40:53.189692 2023] [ssl:warn] [pid 18472:tid 408] AH01909: www.example.com:443:0 server certificate does NOT include an ID which matches the server name
[Fri May 12 17:40:53.231579 2023] [ssl:warn] [pid 18472:tid 408] AH01909: www.example.com:443:0 server certificate does NOT include an ID which matches the server name
[Fri May 12 17:40:53.278453 2023] [mpm_winnt:notice] [pid 18472:tid 408] AH00354: Child: Starting 150 worker threads.
[Sat May 27 10:43:35.428351 2023] [ssl:warn] [pid 17132:tid 460] AH01909: www.example.com:443:0 server certificate does NOT include an ID which matches the server name
[Sat May 27 10:43:35.497167 2023] [core:warn] [pid 17132:tid 460] AH00098: pid file C:/xampp/apache/logs/httpd.pid overwritten -- Unclean shutdown of previous Apache run?
[Sat May 27 10:43:35.501157 2023] [ssl:warn] [pid 17132:tid 460] AH01909: www.example.com:443:0 server certificate does NOT include an ID which matches the server name
[Sat May 27 10:43:36.015779 2023] [mpm_winnt:notice] [pid 17132:tid 460] AH00455: Apache/2.4.54 (Win64) OpenSSL/1.1.1p PHP/8.2.0 configured -- resuming normal operations
[Sat May 27 10:43:36.016777 2023] [mpm_winnt:notice] [pid 17132:tid 460] AH00456: Apache Lounge VS16 Server built: Jun 22 2022 09:58:15
[Sat May 27 10:43:36.016777 2023] [core:notice] [pid 17132:tid 460] AH00094: Command line: 'c:\\xampp\\apache\\bin\\httpd.exe -d C:/xampp/apache'
[Sat May 27 10:43:36.023758 2023] [mpm_winnt:notice] [pid 17132:tid 460] AH00418: Parent: Created child process 12752
[Sat May 27 10:43:36.508461 2023] [ssl:warn] [pid 12752:tid 404] AH01909: www.example.com:443:0 server certificate does NOT include an ID which matches the server name
[Sat May 27 10:43:36.551346 2023] [ssl:warn] [pid 12752:tid 404] AH01909: www.example.com:443:0 server certificate does NOT include an ID which matches the server name
[Sat May 27 10:43:36.617171 2023] [mpm_winnt:notice] [pid 12752:tid 404] AH00354: Child: Starting 150 worker threads.
[Fri Jun 09 23:49:45.299991 2023] [ssl:warn] [pid 16744:tid 404] AH01909: www.example.com:443:0 server certificate does NOT include an ID which matches the server name
[Fri Jun 09 23:49:45.333931 2023] [core:warn] [pid 16744:tid 404] AH00098: pid file C:/xampp/apache/logs/httpd.pid overwritten -- Unclean shutdown of previous Apache run?
[Fri Jun 09 23:49:45.335895 2023] [ssl:warn] [pid 16744:tid 404] AH01909: www.example.com:443:0 server certificate does NOT include an ID which matches the server name
[Fri Jun 09 23:49:45.620598 2023] [mpm_winnt:notice] [pid 16744:tid 404] AH00455: Apache/2.4.54 (Win64) OpenSSL/1.1.1p PHP/8.2.0 configured -- resuming normal operations
[Fri Jun 09 23:49:45.620598 2023] [mpm_winnt:notice] [pid 16744:tid 404] AH00456: Apache Lounge VS16 Server built: Jun 22 2022 09:58:15
[Fri Jun 09 23:49:45.620598 2023] [core:notice] [pid 16744:tid 404] AH00094: Command line: 'c:\\xampp\\apache\\bin\\httpd.exe -d C:/xampp/apache'
[Fri Jun 09 23:49:45.625584 2023] [mpm_winnt:notice] [pid 16744:tid 404] AH00418: Parent: Created child process 25664
[Fri Jun 09 23:49:46.168134 2023] [ssl:warn] [pid 25664:tid 420] AH01909: www.example.com:443:0 server certificate does NOT include an ID which matches the server name
[Fri Jun 09 23:49:46.207030 2023] [ssl:warn] [pid 25664:tid 420] AH01909: www.example.com:443:0 server certificate does NOT include an ID which matches the server name
[Fri Jun 09 23:49:46.248918 2023] [mpm_winnt:notice] [pid 25664:tid 420] AH00354: Child: Starting 150 worker threads.
[Sat Jun 10 15:12:49.274847 2023] [ssl:warn] [pid 3880:tid 416] AH01909: www.example.com:443:0 server certificate does NOT include an ID which matches the server name
[Sat Jun 10 15:12:49.352954 2023] [core:warn] [pid 3880:tid 416] AH00098: pid file C:/xampp/apache/logs/httpd.pid overwritten -- Unclean shutdown of previous Apache run?
[Sat Jun 10 15:12:49.368576 2023] [ssl:warn] [pid 3880:tid 416] AH01909: www.example.com:443:0 server certificate does NOT include an ID which matches the server name
[Sat Jun 10 15:12:49.462304 2023] [mpm_winnt:notice] [pid 3880:tid 416] AH00455: Apache/2.4.54 (Win64) OpenSSL/1.1.1p PHP/8.2.0 configured -- resuming normal operations
[Sat Jun 10 15:12:49.462304 2023] [mpm_winnt:notice] [pid 3880:tid 416] AH00456: Apache Lounge VS16 Server built: Jun 22 2022 09:58:15
[Sat Jun 10 15:12:49.462304 2023] [core:notice] [pid 3880:tid 416] AH00094: Command line: 'c:\\xampp\\apache\\bin\\httpd.exe -d C:/xampp/apache'
[Sat Jun 10 15:12:49.477924 2023] [mpm_winnt:notice] [pid 3880:tid 416] AH00418: Parent: Created child process 10524
[Sat Jun 10 15:12:50.555796 2023] [ssl:warn] [pid 10524:tid 460] AH01909: www.example.com:443:0 server certificate does NOT include an ID which matches the server name
[Sat Jun 10 15:12:50.618282 2023] [ssl:warn] [pid 10524:tid 460] AH01909: www.example.com:443:0 server certificate does NOT include an ID which matches the server name
[Sat Jun 10 15:12:50.712011 2023] [mpm_winnt:notice] [pid 10524:tid 460] AH00354: Child: Starting 150 worker threads.
[Sat Jun 10 15:57:14.439035 2023] [ssl:warn] [pid 20548:tid 440] AH01909: www.example.com:443:0 server certificate does NOT include an ID which matches the server name
[Sat Jun 10 15:57:14.470245 2023] [core:warn] [pid 20548:tid 440] AH00098: pid file C:/xampp/apache/logs/httpd.pid overwritten -- Unclean shutdown of previous Apache run?
[Sat Jun 10 15:57:14.470245 2023] [ssl:warn] [pid 20548:tid 440] AH01909: www.example.com:443:0 server certificate does NOT include an ID which matches the server name
[Sat Jun 10 15:57:14.517134 2023] [mpm_winnt:notice] [pid 20548:tid 440] AH00455: Apache/2.4.54 (Win64) OpenSSL/1.1.1p PHP/8.2.0 configured -- resuming normal operations
[Sat Jun 10 15:57:14.517134 2023] [mpm_winnt:notice] [pid 20548:tid 440] AH00456: Apache Lounge VS16 Server built: Jun 22 2022 09:58:15
[Sat Jun 10 15:57:14.517134 2023] [core:notice] [pid 20548:tid 440] AH00094: Command line: 'c:\\xampp\\apache\\bin\\httpd.exe -d C:/xampp/apache'
[Sat Jun 10 15:57:14.517134 2023] [mpm_winnt:notice] [pid 20548:tid 440] AH00418: Parent: Created child process 6424
[Sat Jun 10 15:57:14.908675 2023] [ssl:warn] [pid 6424:tid 416] AH01909: www.example.com:443:0 server certificate does NOT include an ID which matches the server name
[Sat Jun 10 15:57:14.939917 2023] [ssl:warn] [pid 6424:tid 416] AH01909: www.example.com:443:0 server certificate does NOT include an ID which matches the server name
[Sat Jun 10 15:57:14.986781 2023] [mpm_winnt:notice] [pid 6424:tid 416] AH00354: Child: Starting 150 worker threads.
[Sat Jun 10 17:20:31.396616 2023] [ssl:warn] [pid 29768:tid 404] AH01909: www.example.com:443:0 server certificate does NOT include an ID which matches the server name
[Sat Jun 10 17:20:31.427893 2023] [core:warn] [pid 29768:tid 404] AH00098: pid file C:/xampp/apache/logs/httpd.pid overwritten -- Unclean shutdown of previous Apache run?
[Sat Jun 10 17:20:31.427893 2023] [ssl:warn] [pid 29768:tid 404] AH01909: www.example.com:443:0 server certificate does NOT include an ID which matches the server name
[Sat Jun 10 17:20:31.459137 2023] [mpm_winnt:notice] [pid 29768:tid 404] AH00455: Apache/2.4.54 (Win64) OpenSSL/1.1.1p PHP/8.2.0 configured -- resuming normal operations
[Sat Jun 10 17:20:31.459137 2023] [mpm_winnt:notice] [pid 29768:tid 404] AH00456: Apache Lounge VS16 Server built: Jun 22 2022 09:58:15
[Sat Jun 10 17:20:31.459137 2023] [core:notice] [pid 29768:tid 404] AH00094: Command line: 'c:\\xampp\\apache\\bin\\httpd.exe -d C:/xampp/apache'
[Sat Jun 10 17:20:31.474755 2023] [mpm_winnt:notice] [pid 29768:tid 404] AH00418: Parent: Created child process 7388
[Sat Jun 10 17:20:31.865256 2023] [ssl:warn] [pid 7388:tid 416] AH01909: www.example.com:443:0 server certificate does NOT include an ID which matches the server name
[Sat Jun 10 17:20:31.896499 2023] [ssl:warn] [pid 7388:tid 416] AH01909: www.example.com:443:0 server certificate does NOT include an ID which matches the server name
[Sat Jun 10 17:20:31.943362 2023] [mpm_winnt:notice] [pid 7388:tid 416] AH00354: Child: Starting 150 worker threads.
[Sun Jun 11 09:36:23.503558 2023] [ssl:warn] [pid 30048:tid 428] AH01909: www.example.com:443:0 server certificate does NOT include an ID which matches the server name
[Sun Jun 11 09:36:23.567546 2023] [core:warn] [pid 30048:tid 428] AH00098: pid file C:/xampp/apache/logs/httpd.pid overwritten -- Unclean shutdown of previous Apache run?
[Sun Jun 11 09:36:23.575547 2023] [ssl:warn] [pid 30048:tid 428] AH01909: www.example.com:443:0 server certificate does NOT include an ID which matches the server name
[Sun Jun 11 09:36:24.023550 2023] [mpm_winnt:notice] [pid 30048:tid 428] AH00455: Apache/2.4.54 (Win64) OpenSSL/1.1.1p PHP/8.2.0 configured -- resuming normal operations
[Sun Jun 11 09:36:24.023550 2023] [mpm_winnt:notice] [pid 30048:tid 428] AH00456: Apache Lounge VS16 Server built: Jun 22 2022 09:58:15
[Sun Jun 11 09:36:24.023550 2023] [core:notice] [pid 30048:tid 428] AH00094: Command line: 'c:\\xampp\\apache\\bin\\httpd.exe -d C:/xampp/apache'
[Sun Jun 11 09:36:24.031549 2023] [mpm_winnt:notice] [pid 30048:tid 428] AH00418: Parent: Created child process 16604
[Sun Jun 11 09:36:24.767545 2023] [ssl:warn] [pid 16604:tid 420] AH01909: www.example.com:443:0 server certificate does NOT include an ID which matches the server name
[Sun Jun 11 09:36:24.839545 2023] [ssl:warn] [pid 16604:tid 420] AH01909: www.example.com:443:0 server certificate does NOT include an ID which matches the server name
[Sun Jun 11 09:36:24.935546 2023] [mpm_winnt:notice] [pid 16604:tid 420] AH00354: Child: Starting 150 worker threads.
[Sun Jun 11 09:37:30.277967 2023] [ssl:warn] [pid 34028:tid 404] AH01909: www.example.com:443:0 server certificate does NOT include an ID which matches the server name
[Sun Jun 11 09:37:30.309968 2023] [core:warn] [pid 34028:tid 404] AH00098: pid file C:/xampp/apache/logs/httpd.pid overwritten -- Unclean shutdown of previous Apache run?
[Sun Jun 11 09:37:30.317991 2023] [ssl:warn] [pid 34028:tid 404] AH01909: www.example.com:443:0 server certificate does NOT include an ID which matches the server name
[Sun Jun 11 09:37:30.397973 2023] [mpm_winnt:notice] [pid 34028:tid 404] AH00455: Apache/2.4.54 (Win64) OpenSSL/1.1.1p PHP/8.2.0 configured -- resuming normal operations
[Sun Jun 11 09:37:30.397973 2023] [mpm_winnt:notice] [pid 34028:tid 404] AH00456: Apache Lounge VS16 Server built: Jun 22 2022 09:58:15
[Sun Jun 11 09:37:30.397973 2023] [core:notice] [pid 34028:tid 404] AH00094: Command line: 'c:\\xampp\\apache\\bin\\httpd.exe -d C:/xampp/apache'
[Sun Jun 11 09:37:30.405967 2023] [mpm_winnt:notice] [pid 34028:tid 404] AH00418: Parent: Created child process 24036
[Sun Jun 11 09:37:30.958154 2023] [ssl:warn] [pid 24036:tid 412] AH01909: www.example.com:443:0 server certificate does NOT include an ID which matches the server name
[Sun Jun 11 09:37:30.998118 2023] [ssl:warn] [pid 24036:tid 412] AH01909: www.example.com:443:0 server certificate does NOT include an ID which matches the server name
[Sun Jun 11 09:37:31.038125 2023] [mpm_winnt:notice] [pid 24036:tid 412] AH00354: Child: Starting 150 worker threads.
[Sun Jun 11 09:41:28.039015 2023] [ssl:warn] [pid 1864:tid 400] AH01909: www.example.com:443:0 server certificate does NOT include an ID which matches the server name
[Sun Jun 11 09:41:28.226469 2023] [core:warn] [pid 1864:tid 400] AH00098: pid file C:/xampp/apache/logs/httpd.pid overwritten -- Unclean shutdown of previous Apache run?
[Sun Jun 11 09:41:28.242090 2023] [ssl:warn] [pid 1864:tid 400] AH01909: www.example.com:443:0 server certificate does NOT include an ID which matches the server name
[Sun Jun 11 09:41:31.092923 2023] [mpm_winnt:notice] [pid 1864:tid 400] AH00455: Apache/2.4.54 (Win64) OpenSSL/1.1.1p PHP/8.2.0 configured -- resuming normal operations
[Sun Jun 11 09:41:31.092923 2023] [mpm_winnt:notice] [pid 1864:tid 400] AH00456: Apache Lounge VS16 Server built: Jun 22 2022 09:58:15
[Sun Jun 11 09:41:31.092923 2023] [core:notice] [pid 1864:tid 400] AH00094: Command line: 'c:\\xampp\\apache\\bin\\httpd.exe -d C:/xampp/apache'
[Sun Jun 11 09:41:31.132896 2023] [mpm_winnt:notice] [pid 1864:tid 400] AH00418: Parent: Created child process 13576
[Sun Jun 11 09:41:33.595254 2023] [ssl:warn] [pid 13576:tid 404] AH01909: www.example.com:443:0 server certificate does NOT include an ID which matches the server name
[Sun Jun 11 09:41:33.763139 2023] [ssl:warn] [pid 13576:tid 404] AH01909: www.example.com:443:0 server certificate does NOT include an ID which matches the server name
[Sun Jun 11 09:41:33.986994 2023] [mpm_winnt:notice] [pid 13576:tid 404] AH00354: Child: Starting 150 worker threads.
[Sun Jun 11 09:46:03.561287 2023] [ssl:warn] [pid 16084:tid 420] AH01909: www.example.com:443:0 server certificate does NOT include an ID which matches the server name
[Sun Jun 11 09:46:03.701874 2023] [core:warn] [pid 16084:tid 420] AH00098: pid file C:/xampp/apache/logs/httpd.pid overwritten -- Unclean shutdown of previous Apache run?
[Sun Jun 11 09:46:03.701874 2023] [ssl:warn] [pid 16084:tid 420] AH01909: www.example.com:443:0 server certificate does NOT include an ID which matches the server name
[Sun Jun 11 09:46:03.884152 2023] [mpm_winnt:notice] [pid 16084:tid 420] AH00455: Apache/2.4.54 (Win64) OpenSSL/1.1.1p PHP/8.2.0 configured -- resuming normal operations
[Sun Jun 11 09:46:03.884152 2023] [mpm_winnt:notice] [pid 16084:tid 420] AH00456: Apache Lounge VS16 Server built: Jun 22 2022 09:58:15
[Sun Jun 11 09:46:03.884152 2023] [core:notice] [pid 16084:tid 420] AH00094: Command line: 'c:\\xampp\\apache\\bin\\httpd.exe -d C:/xampp/apache'
[Sun Jun 11 09:46:03.899772 2023] [mpm_winnt:notice] [pid 16084:tid 420] AH00418: Parent: Created child process 3432
[Sun Jun 11 09:46:05.187661 2023] [ssl:warn] [pid 3432:tid 392] AH01909: www.example.com:443:0 server certificate does NOT include an ID which matches the server name
[Sun Jun 11 09:46:05.297011 2023] [ssl:warn] [pid 3432:tid 392] AH01909: www.example.com:443:0 server certificate does NOT include an ID which matches the server name
[Sun Jun 11 09:46:05.453267 2023] [mpm_winnt:notice] [pid 3432:tid 392] AH00354: Child: Starting 150 worker threads.
[Sun Jun 11 14:00:35.728435 2023] [ssl:warn] [pid 3092:tid 444] AH01909: www.example.com:443:0 server certificate does NOT include an ID which matches the server name
[Sun Jun 11 14:00:35.760823 2023] [core:warn] [pid 3092:tid 444] AH00098: pid file C:/xampp/apache/logs/httpd.pid overwritten -- Unclean shutdown of previous Apache run?
[Sun Jun 11 14:00:35.762797 2023] [ssl:warn] [pid 3092:tid 444] AH01909: www.example.com:443:0 server certificate does NOT include an ID which matches the server name
[Sun Jun 11 14:00:35.979150 2023] [mpm_winnt:notice] [pid 3092:tid 444] AH00455: Apache/2.4.54 (Win64) OpenSSL/1.1.1p PHP/8.2.0 configured -- resuming normal operations
[Sun Jun 11 14:00:35.979150 2023] [mpm_winnt:notice] [pid 3092:tid 444] AH00456: Apache Lounge VS16 Server built: Jun 22 2022 09:58:15
[Sun Jun 11 14:00:35.979150 2023] [core:notice] [pid 3092:tid 444] AH00094: Command line: 'c:\\xampp\\apache\\bin\\httpd.exe -d C:/xampp/apache'
[Sun Jun 11 14:00:35.982174 2023] [mpm_winnt:notice] [pid 3092:tid 444] AH00418: Parent: Created child process 14956
[Sun Jun 11 14:00:36.344781 2023] [ssl:warn] [pid 14956:tid 412] AH01909: www.example.com:443:0 server certificate does NOT include an ID which matches the server name
[Sun Jun 11 14:00:36.379362 2023] [ssl:warn] [pid 14956:tid 412] AH01909: www.example.com:443:0 server certificate does NOT include an ID which matches the server name
[Sun Jun 11 14:00:36.415252 2023] [mpm_winnt:notice] [pid 14956:tid 412] AH00354: Child: Starting 150 worker threads.
[Sun Jun 11 14:07:57.808453 2023] [ssl:warn] [pid 2544:tid 424] AH01909: www.example.com:443:0 server certificate does NOT include an ID which matches the server name
[Sun Jun 11 14:07:57.844438 2023] [core:warn] [pid 2544:tid 424] AH00098: pid file C:/xampp/apache/logs/httpd.pid overwritten -- Unclean shutdown of previous Apache run?
[Sun Jun 11 14:07:57.846433 2023] [ssl:warn] [pid 2544:tid 424] AH01909: www.example.com:443:0 server certificate does NOT include an ID which matches the server name
[Sun Jun 11 14:07:58.054019 2023] [mpm_winnt:notice] [pid 2544:tid 424] AH00455: Apache/2.4.54 (Win64) OpenSSL/1.1.1p PHP/8.2.0 configured -- resuming normal operations
[Sun Jun 11 14:07:58.054019 2023] [mpm_winnt:notice] [pid 2544:tid 424] AH00456: Apache Lounge VS16 Server built: Jun 22 2022 09:58:15
[Sun Jun 11 14:07:58.054019 2023] [core:notice] [pid 2544:tid 424] AH00094: Command line: 'c:\\xampp\\apache\\bin\\httpd.exe -d C:/xampp/apache'
[Sun Jun 11 14:07:58.057979 2023] [mpm_winnt:notice] [pid 2544:tid 424] AH00418: Parent: Created child process 14484
[Sun Jun 11 14:07:58.307723 2023] [ssl:warn] [pid 14484:tid 416] AH01909: www.example.com:443:0 server certificate does NOT include an ID which matches the server name
[Sun Jun 11 14:07:58.333654 2023] [ssl:warn] [pid 14484:tid 416] AH01909: www.example.com:443:0 server certificate does NOT include an ID which matches the server name
[Sun Jun 11 14:07:58.363574 2023] [mpm_winnt:notice] [pid 14484:tid 416] AH00354: Child: Starting 150 worker threads.
[Sun Jun 11 14:13:43.578172 2023] [ssl:warn] [pid 6548:tid 436] AH01909: www.example.com:443:0 server certificate does NOT include an ID which matches the server name
[Sun Jun 11 14:13:43.611084 2023] [core:warn] [pid 6548:tid 436] AH00098: pid file C:/xampp/apache/logs/httpd.pid overwritten -- Unclean shutdown of previous Apache run?
[Sun Jun 11 14:13:43.613079 2023] [ssl:warn] [pid 6548:tid 436] AH01909: www.example.com:443:0 server certificate does NOT include an ID which matches the server name
[Sun Jun 11 14:13:43.642947 2023] [mpm_winnt:notice] [pid 6548:tid 436] AH00455: Apache/2.4.54 (Win64) OpenSSL/1.1.1p PHP/8.2.0 configured -- resuming normal operations
[Sun Jun 11 14:13:43.642947 2023] [mpm_winnt:notice] [pid 6548:tid 436] AH00456: Apache Lounge VS16 Server built: Jun 22 2022 09:58:15
[Sun Jun 11 14:13:43.642947 2023] [core:notice] [pid 6548:tid 436] AH00094: Command line: 'c:\\xampp\\apache\\bin\\httpd.exe -d C:/xampp/apache'
[Sun Jun 11 14:13:43.646973 2023] [mpm_winnt:notice] [pid 6548:tid 436] AH00418: Parent: Created child process 7920
[Sun Jun 11 14:13:43.896736 2023] [ssl:warn] [pid 7920:tid 424] AH01909: www.example.com:443:0 server certificate does NOT include an ID which matches the server name
[Sun Jun 11 14:13:43.923804 2023] [ssl:warn] [pid 7920:tid 424] AH01909: www.example.com:443:0 server certificate does NOT include an ID which matches the server name
[Sun Jun 11 14:13:43.952842 2023] [mpm_winnt:notice] [pid 7920:tid 424] AH00354: Child: Starting 150 worker threads.
[Sun Jun 11 14:26:06.877622 2023] [ssl:warn] [pid 11376:tid 440] AH01909: www.example.com:443:0 server certificate does NOT include an ID which matches the server name
[Sun Jun 11 14:26:06.904550 2023] [core:warn] [pid 11376:tid 440] AH00098: pid file C:/xampp/apache/logs/httpd.pid overwritten -- Unclean shutdown of previous Apache run?
[Sun Jun 11 14:26:06.907542 2023] [ssl:warn] [pid 11376:tid 440] AH01909: www.example.com:443:0 server certificate does NOT include an ID which matches the server name
[Sun Jun 11 14:26:06.945441 2023] [mpm_winnt:notice] [pid 11376:tid 440] AH00455: Apache/2.4.54 (Win64) OpenSSL/1.1.1p PHP/8.2.0 configured -- resuming normal operations
[Sun Jun 11 14:26:06.945441 2023] [mpm_winnt:notice] [pid 11376:tid 440] AH00456: Apache Lounge VS16 Server built: Jun 22 2022 09:58:15
[Sun Jun 11 14:26:06.945441 2023] [core:notice] [pid 11376:tid 440] AH00094: Command line: 'c:\\xampp\\apache\\bin\\httpd.exe -d C:/xampp/apache'
[Sun Jun 11 14:26:06.949430 2023] [mpm_winnt:notice] [pid 11376:tid 440] AH00418: Parent: Created child process 6984
[Sun Jun 11 14:26:07.263854 2023] [ssl:warn] [pid 6984:tid 428] AH01909: www.example.com:443:0 server certificate does NOT include an ID which matches the server name
[Sun Jun 11 14:26:07.291780 2023] [ssl:warn] [pid 6984:tid 428] AH01909: www.example.com:443:0 server certificate does NOT include an ID which matches the server name
[Sun Jun 11 14:26:07.324713 2023] [mpm_winnt:notice] [pid 6984:tid 428] AH00354: Child: Starting 150 worker threads.
[Sun Jun 11 14:37:42.374749 2023] [ssl:warn] [pid 6976:tid 424] AH01909: www.example.com:443:0 server certificate does NOT include an ID which matches the server name
[Sun Jun 11 14:37:42.401814 2023] [core:warn] [pid 6976:tid 424] AH00098: pid file C:/xampp/apache/logs/httpd.pid overwritten -- Unclean shutdown of previous Apache run?
[Sun Jun 11 14:37:42.403778 2023] [ssl:warn] [pid 6976:tid 424] AH01909: www.example.com:443:0 server certificate does NOT include an ID which matches the server name
[Sun Jun 11 14:37:42.433721 2023] [mpm_winnt:notice] [pid 6976:tid 424] AH00455: Apache/2.4.54 (Win64) OpenSSL/1.1.1p PHP/8.2.0 configured -- resuming normal operations
[Sun Jun 11 14:37:42.433721 2023] [mpm_winnt:notice] [pid 6976:tid 424] AH00456: Apache Lounge VS16 Server built: Jun 22 2022 09:58:15
[Sun Jun 11 14:37:42.433721 2023] [core:notice] [pid 6976:tid 424] AH00094: Command line: 'c:\\xampp\\apache\\bin\\httpd.exe -d C:/xampp/apache'
[Sun Jun 11 14:37:42.437724 2023] [mpm_winnt:notice] [pid 6976:tid 424] AH00418: Parent: Created child process 9868
[Sun Jun 11 14:37:42.690052 2023] [ssl:warn] [pid 9868:tid 428] AH01909: www.example.com:443:0 server certificate does NOT include an ID which matches the server name
[Sun Jun 11 14:37:42.716625 2023] [ssl:warn] [pid 9868:tid 428] AH01909: www.example.com:443:0 server certificate does NOT include an ID which matches the server name
[Sun Jun 11 14:37:42.746545 2023] [mpm_winnt:notice] [pid 9868:tid 428] AH00354: Child: Starting 150 worker threads.
[Sun Sep 10 21:34:50.831365 2023] [ssl:warn] [pid 18096:tid 432] AH01909: www.example.com:443:0 server certificate does NOT include an ID which matches the server name
[Sun Sep 10 21:34:50.862724 2023] [core:warn] [pid 18096:tid 432] AH00098: pid file C:/xampp/apache/logs/httpd.pid overwritten -- Unclean shutdown of previous Apache run?
[Sun Sep 10 21:34:50.865720 2023] [ssl:warn] [pid 18096:tid 432] AH01909: www.example.com:443:0 server certificate does NOT include an ID which matches the server name
[Sun Sep 10 21:34:51.168429 2023] [mpm_winnt:notice] [pid 18096:tid 432] AH00455: Apache/2.4.54 (Win64) OpenSSL/1.1.1p PHP/8.2.0 configured -- resuming normal operations
[Sun Sep 10 21:34:51.168429 2023] [mpm_winnt:notice] [pid 18096:tid 432] AH00456: Apache Lounge VS16 Server built: Jun 22 2022 09:58:15
[Sun Sep 10 21:34:51.168429 2023] [core:notice] [pid 18096:tid 432] AH00094: Command line: 'c:\\xampp\\apache\\bin\\httpd.exe -d C:/xampp/apache'
[Sun Sep 10 21:34:51.173419 2023] [mpm_winnt:notice] [pid 18096:tid 432] AH00418: Parent: Created child process 7440
[Sun Sep 10 21:34:51.470889 2023] [ssl:warn] [pid 7440:tid 424] AH01909: www.example.com:443:0 server certificate does NOT include an ID which matches the server name
[Sun Sep 10 21:34:51.499889 2023] [ssl:warn] [pid 7440:tid 424] AH01909: www.example.com:443:0 server certificate does NOT include an ID which matches the server name
[Sun Sep 10 21:34:51.531890 2023] [mpm_winnt:notice] [pid 7440:tid 424] AH00354: Child: Starting 150 worker threads.
[Wed Jan 17 03:23:30.932657 2024] [ssl:warn] [pid 14952:tid 440] AH01909: www.example.com:443:0 server certificate does NOT include an ID which matches the server name
[Wed Jan 17 03:23:30.983658 2024] [core:warn] [pid 14952:tid 440] AH00098: pid file C:/xampp/apache/logs/httpd.pid overwritten -- Unclean shutdown of previous Apache run?
[Wed Jan 17 03:23:30.988663 2024] [ssl:warn] [pid 14952:tid 440] AH01909: www.example.com:443:0 server certificate does NOT include an ID which matches the server name
[Wed Jan 17 03:23:31.495658 2024] [mpm_winnt:notice] [pid 14952:tid 440] AH00455: Apache/2.4.54 (Win64) OpenSSL/1.1.1p PHP/8.2.0 configured -- resuming normal operations
[Wed Jan 17 03:23:31.496657 2024] [mpm_winnt:notice] [pid 14952:tid 440] AH00456: Apache Lounge VS16 Server built: Jun 22 2022 09:58:15
[Wed Jan 17 03:23:31.496657 2024] [core:notice] [pid 14952:tid 440] AH00094: Command line: 'c:\\xampp\\apache\\bin\\httpd.exe -d C:/xampp/apache'
[Wed Jan 17 03:23:31.500657 2024] [mpm_winnt:notice] [pid 14952:tid 440] AH00418: Parent: Created child process 4704
[Wed Jan 17 03:23:31.990660 2024] [ssl:warn] [pid 4704:tid 176] AH01909: www.example.com:443:0 server certificate does NOT include an ID which matches the server name
[Wed Jan 17 03:23:32.055664 2024] [ssl:warn] [pid 4704:tid 176] AH01909: www.example.com:443:0 server certificate does NOT include an ID which matches the server name
[Wed Jan 17 03:23:32.120664 2024] [mpm_winnt:notice] [pid 4704:tid 176] AH00354: Child: Starting 150 worker threads.
[Wed Jan 17 04:40:48.256892 2024] [ssl:warn] [pid 20144:tid 460] AH01909: www.example.com:443:0 server certificate does NOT include an ID which matches the server name
[Wed Jan 17 04:40:48.287922 2024] [core:warn] [pid 20144:tid 460] AH00098: pid file C:/xampp/apache/logs/httpd.pid overwritten -- Unclean shutdown of previous Apache run?
[Wed Jan 17 04:40:48.289901 2024] [ssl:warn] [pid 20144:tid 460] AH01909: www.example.com:443:0 server certificate does NOT include an ID which matches the server name
[Wed Jan 17 04:40:48.327893 2024] [mpm_winnt:notice] [pid 20144:tid 460] AH00455: Apache/2.4.54 (Win64) OpenSSL/1.1.1p PHP/8.2.0 configured -- resuming normal operations
[Wed Jan 17 04:40:48.327893 2024] [mpm_winnt:notice] [pid 20144:tid 460] AH00456: Apache Lounge VS16 Server built: Jun 22 2022 09:58:15
[Wed Jan 17 04:40:48.327893 2024] [core:notice] [pid 20144:tid 460] AH00094: Command line: 'c:\\xampp\\apache\\bin\\httpd.exe -d C:/xampp/apache'
[Wed Jan 17 04:40:48.331901 2024] [mpm_winnt:notice] [pid 20144:tid 460] AH00418: Parent: Created child process 21392
[Wed Jan 17 04:40:48.801901 2024] [ssl:warn] [pid 21392:tid 452] AH01909: www.example.com:443:0 server certificate does NOT include an ID which matches the server name
[Wed Jan 17 04:40:48.833892 2024] [ssl:warn] [pid 21392:tid 452] AH01909: www.example.com:443:0 server certificate does NOT include an ID which matches the server name
[Wed Jan 17 04:40:48.870892 2024] [mpm_winnt:notice] [pid 21392:tid 452] AH00354: Child: Starting 150 worker threads.
[Thu Jan 18 02:55:28.541961 2024] [ssl:warn] [pid 12632:tid 440] AH01909: www.example.com:443:0 server certificate does NOT include an ID which matches the server name
[Thu Jan 18 02:55:28.606961 2024] [core:warn] [pid 12632:tid 440] AH00098: pid file C:/xampp/apache/logs/httpd.pid overwritten -- Unclean shutdown of previous Apache run?
[Thu Jan 18 02:55:28.611960 2024] [ssl:warn] [pid 12632:tid 440] AH01909: www.example.com:443:0 server certificate does NOT include an ID which matches the server name
[Thu Jan 18 02:55:29.224960 2024] [mpm_winnt:notice] [pid 12632:tid 440] AH00455: Apache/2.4.54 (Win64) OpenSSL/1.1.1p PHP/8.2.0 configured -- resuming normal operations
[Thu Jan 18 02:55:29.224960 2024] [mpm_winnt:notice] [pid 12632:tid 440] AH00456: Apache Lounge VS16 Server built: Jun 22 2022 09:58:15
[Thu Jan 18 02:55:29.224960 2024] [core:notice] [pid 12632:tid 440] AH00094: Command line: 'c:\\xampp\\apache\\bin\\httpd.exe -d C:/xampp/apache'
[Thu Jan 18 02:55:29.232964 2024] [mpm_winnt:notice] [pid 12632:tid 440] AH00418: Parent: Created child process 11340
[Thu Jan 18 02:55:30.018961 2024] [ssl:warn] [pid 11340:tid 468] AH01909: www.example.com:443:0 server certificate does NOT include an ID which matches the server name
[Thu Jan 18 02:55:30.081960 2024] [ssl:warn] [pid 11340:tid 468] AH01909: www.example.com:443:0 server certificate does NOT include an ID which matches the server name
[Thu Jan 18 02:55:30.157960 2024] [mpm_winnt:notice] [pid 11340:tid 468] AH00354: Child: Starting 150 worker threads.
[Sat Jan 20 04:16:14.149548 2024] [ssl:warn] [pid 23180:tid 440] AH01909: www.example.com:443:0 server certificate does NOT include an ID which matches the server name
[Sat Jan 20 04:16:14.231549 2024] [core:warn] [pid 23180:tid 440] AH00098: pid file C:/xampp/apache/logs/httpd.pid overwritten -- Unclean shutdown of previous Apache run?
[Sat Jan 20 04:16:14.235548 2024] [ssl:warn] [pid 23180:tid 440] AH01909: www.example.com:443:0 server certificate does NOT include an ID which matches the server name
[Sat Jan 20 04:16:15.266554 2024] [mpm_winnt:notice] [pid 23180:tid 440] AH00455: Apache/2.4.54 (Win64) OpenSSL/1.1.1p PHP/8.2.0 configured -- resuming normal operations
[Sat Jan 20 04:16:15.266554 2024] [mpm_winnt:notice] [pid 23180:tid 440] AH00456: Apache Lounge VS16 Server built: Jun 22 2022 09:58:15
[Sat Jan 20 04:16:15.266554 2024] [core:notice] [pid 23180:tid 440] AH00094: Command line: 'c:\\xampp\\apache\\bin\\httpd.exe -d C:/xampp/apache'
[Sat Jan 20 04:16:15.275551 2024] [mpm_winnt:notice] [pid 23180:tid 440] AH00418: Parent: Created child process 1788
[Sat Jan 20 04:16:16.535554 2024] [ssl:warn] [pid 1788:tid 468] AH01909: www.example.com:443:0 server certificate does NOT include an ID which matches the server name
[Sat Jan 20 04:16:16.612550 2024] [ssl:warn] [pid 1788:tid 468] AH01909: www.example.com:443:0 server certificate does NOT include an ID which matches the server name
[Sat Jan 20 04:16:16.687549 2024] [mpm_winnt:notice] [pid 1788:tid 468] AH00354: Child: Starting 150 worker threads.
[Sat Jan 20 18:11:42.176229 2024] [ssl:warn] [pid 28920:tid 452] AH01909: www.example.com:443:0 server certificate does NOT include an ID which matches the server name
[Sat Jan 20 18:11:42.207241 2024] [core:warn] [pid 28920:tid 452] AH00098: pid file C:/xampp/apache/logs/httpd.pid overwritten -- Unclean shutdown of previous Apache run?
[Sat Jan 20 18:11:42.210231 2024] [ssl:warn] [pid 28920:tid 452] AH01909: www.example.com:443:0 server certificate does NOT include an ID which matches the server name
[Sat Jan 20 18:11:42.516182 2024] [mpm_winnt:notice] [pid 28920:tid 452] AH00455: Apache/2.4.54 (Win64) OpenSSL/1.1.1p PHP/8.2.0 configured -- resuming normal operations
[Sat Jan 20 18:11:42.516182 2024] [mpm_winnt:notice] [pid 28920:tid 452] AH00456: Apache Lounge VS16 Server built: Jun 22 2022 09:58:15
[Sat Jan 20 18:11:42.516182 2024] [core:notice] [pid 28920:tid 452] AH00094: Command line: 'c:\\xampp\\apache\\bin\\httpd.exe -d C:/xampp/apache'
[Sat Jan 20 18:11:42.520183 2024] [mpm_winnt:notice] [pid 28920:tid 452] AH00418: Parent: Created child process 24560
[Sat Jan 20 18:11:42.847806 2024] [ssl:warn] [pid 24560:tid 440] AH01909: www.example.com:443:0 server certificate does NOT include an ID which matches the server name
[Sat Jan 20 18:11:42.880330 2024] [ssl:warn] [pid 24560:tid 440] AH01909: www.example.com:443:0 server certificate does NOT include an ID which matches the server name
[Sat Jan 20 18:11:42.918561 2024] [mpm_winnt:notice] [pid 24560:tid 440] AH00354: Child: Starting 150 worker threads.
[Mon Jan 22 09:43:55.688606 2024] [ssl:warn] [pid 24040:tid 368] AH01909: www.example.com:443:0 server certificate does NOT include an ID which matches the server name
[Mon Jan 22 09:43:55.749606 2024] [core:warn] [pid 24040:tid 368] AH00098: pid file C:/xampp/apache/logs/httpd.pid overwritten -- Unclean shutdown of previous Apache run?
[Mon Jan 22 09:43:55.753606 2024] [ssl:warn] [pid 24040:tid 368] AH01909: www.example.com:443:0 server certificate does NOT include an ID which matches the server name
[Mon Jan 22 09:43:56.343603 2024] [mpm_winnt:notice] [pid 24040:tid 368] AH00455: Apache/2.4.54 (Win64) OpenSSL/1.1.1p PHP/8.2.0 configured -- resuming normal operations
[Mon Jan 22 09:43:56.343603 2024] [mpm_winnt:notice] [pid 24040:tid 368] AH00456: Apache Lounge VS16 Server built: Jun 22 2022 09:58:15
[Mon Jan 22 09:43:56.343603 2024] [core:notice] [pid 24040:tid 368] AH00094: Command line: 'c:\\xampp\\apache\\bin\\httpd.exe -d C:/xampp/apache'
[Mon Jan 22 09:43:56.348604 2024] [mpm_winnt:notice] [pid 24040:tid 368] AH00418: Parent: Created child process 24532
[Mon Jan 22 09:43:56.920608 2024] [ssl:warn] [pid 24532:tid 452] AH01909: www.example.com:443:0 server certificate does NOT include an ID which matches the server name
[Mon Jan 22 09:43:56.977604 2024] [ssl:warn] [pid 24532:tid 452] AH01909: www.example.com:443:0 server certificate does NOT include an ID which matches the server name
[Mon Jan 22 09:43:57.074609 2024] [mpm_winnt:notice] [pid 24532:tid 452] AH00354: Child: Starting 150 worker threads.
[Mon Jan 22 11:52:26.874225 2024] [ssl:warn] [pid 15940:tid 464] AH01909: www.example.com:443:0 server certificate does NOT include an ID which matches the server name
[Mon Jan 22 11:52:26.908490 2024] [core:warn] [pid 15940:tid 464] AH00098: pid file C:/xampp/apache/logs/httpd.pid overwritten -- Unclean shutdown of previous Apache run?
[Mon Jan 22 11:52:26.910483 2024] [ssl:warn] [pid 15940:tid 464] AH01909: www.example.com:443:0 server certificate does NOT include an ID which matches the server name
[Mon Jan 22 11:52:26.946494 2024] [mpm_winnt:notice] [pid 15940:tid 464] AH00455: Apache/2.4.54 (Win64) OpenSSL/1.1.1p PHP/8.2.0 configured -- resuming normal operations
[Mon Jan 22 11:52:26.946494 2024] [mpm_winnt:notice] [pid 15940:tid 464] AH00456: Apache Lounge VS16 Server built: Jun 22 2022 09:58:15
[Mon Jan 22 11:52:26.946494 2024] [core:notice] [pid 15940:tid 464] AH00094: Command line: 'c:\\xampp\\apache\\bin\\httpd.exe -d C:/xampp/apache'
[Mon Jan 22 11:52:26.950493 2024] [mpm_winnt:notice] [pid 15940:tid 464] AH00418: Parent: Created child process 10944
[Mon Jan 22 11:52:27.314522 2024] [ssl:warn] [pid 10944:tid 444] AH01909: www.example.com:443:0 server certificate does NOT include an ID which matches the server name
[Mon Jan 22 11:52:27.344667 2024] [ssl:warn] [pid 10944:tid 444] AH01909: www.example.com:443:0 server certificate does NOT include an ID which matches the server name
[Mon Jan 22 11:52:27.380709 2024] [mpm_winnt:notice] [pid 10944:tid 444] AH00354: Child: Starting 150 worker threads.
[Mon Jan 22 12:55:54.563962 2024] [ssl:warn] [pid 12852:tid 480] AH01909: www.example.com:443:0 server certificate does NOT include an ID which matches the server name
[Mon Jan 22 12:55:54.597755 2024] [core:warn] [pid 12852:tid 480] AH00098: pid file C:/xampp/apache/logs/httpd.pid overwritten -- Unclean shutdown of previous Apache run?
[Mon Jan 22 12:55:54.600767 2024] [ssl:warn] [pid 12852:tid 480] AH01909: www.example.com:443:0 server certificate does NOT include an ID which matches the server name
[Mon Jan 22 12:55:54.635786 2024] [mpm_winnt:notice] [pid 12852:tid 480] AH00455: Apache/2.4.54 (Win64) OpenSSL/1.1.1p PHP/8.2.0 configured -- resuming normal operations
[Mon Jan 22 12:55:54.635786 2024] [mpm_winnt:notice] [pid 12852:tid 480] AH00456: Apache Lounge VS16 Server built: Jun 22 2022 09:58:15
[Mon Jan 22 12:55:54.635786 2024] [core:notice] [pid 12852:tid 480] AH00094: Command line: 'c:\\xampp\\apache\\bin\\httpd.exe -d C:/xampp/apache'
[Mon Jan 22 12:55:54.638795 2024] [mpm_winnt:notice] [pid 12852:tid 480] AH00418: Parent: Created child process 10960
[Mon Jan 22 12:55:54.984984 2024] [ssl:warn] [pid 10960:tid 456] AH01909: www.example.com:443:0 server certificate does NOT include an ID which matches the server name
[Mon Jan 22 12:55:55.016158 2024] [ssl:warn] [pid 10960:tid 456] AH01909: www.example.com:443:0 server certificate does NOT include an ID which matches the server name
[Mon Jan 22 12:55:55.053128 2024] [mpm_winnt:notice] [pid 10960:tid 456] AH00354: Child: Starting 150 worker threads.
[Mon Jan 22 17:27:44.461192 2024] [ssl:warn] [pid 23816:tid 448] AH01909: www.example.com:443:0 server certificate does NOT include an ID which matches the server name
[Mon Jan 22 17:27:44.502181 2024] [core:warn] [pid 23816:tid 448] AH00098: pid file C:/xampp/apache/logs/httpd.pid overwritten -- Unclean shutdown of previous Apache run?
[Mon Jan 22 17:27:44.505191 2024] [ssl:warn] [pid 23816:tid 448] AH01909: www.example.com:443:0 server certificate does NOT include an ID which matches the server name
[Mon Jan 22 17:27:44.833178 2024] [mpm_winnt:notice] [pid 23816:tid 448] AH00455: Apache/2.4.54 (Win64) OpenSSL/1.1.1p PHP/8.2.0 configured -- resuming normal operations
[Mon Jan 22 17:27:44.833178 2024] [mpm_winnt:notice] [pid 23816:tid 448] AH00456: Apache Lounge VS16 Server built: Jun 22 2022 09:58:15
[Mon Jan 22 17:27:44.833178 2024] [core:notice] [pid 23816:tid 448] AH00094: Command line: 'c:\\xampp\\apache\\bin\\httpd.exe -d C:/xampp/apache'
[Mon Jan 22 17:27:44.837179 2024] [mpm_winnt:notice] [pid 23816:tid 448] AH00418: Parent: Created child process 24480
[Mon Jan 22 17:27:45.230094 2024] [ssl:warn] [pid 24480:tid 464] AH01909: www.example.com:443:0 server certificate does NOT include an ID which matches the server name
[Mon Jan 22 17:27:45.278082 2024] [ssl:warn] [pid 24480:tid 464] AH01909: www.example.com:443:0 server certificate does NOT include an ID which matches the server name
[Mon Jan 22 17:27:45.323080 2024] [mpm_winnt:notice] [pid 24480:tid 464] AH00354: Child: Starting 150 worker threads.
[Mon Jan 22 19:09:45.157091 2024] [ssl:warn] [pid 11852:tid 448] AH01909: www.example.com:443:0 server certificate does NOT include an ID which matches the server name
[Mon Jan 22 19:09:45.188100 2024] [core:warn] [pid 11852:tid 448] AH00098: pid file C:/xampp/apache/logs/httpd.pid overwritten -- Unclean shutdown of previous Apache run?
[Mon Jan 22 19:09:45.190092 2024] [ssl:warn] [pid 11852:tid 448] AH01909: www.example.com:443:0 server certificate does NOT include an ID which matches the server name
[Mon Jan 22 19:09:45.225009 2024] [mpm_winnt:notice] [pid 11852:tid 448] AH00455: Apache/2.4.54 (Win64) OpenSSL/1.1.1p PHP/8.2.0 configured -- resuming normal operations
[Mon Jan 22 19:09:45.225009 2024] [mpm_winnt:notice] [pid 11852:tid 448] AH00456: Apache Lounge VS16 Server built: Jun 22 2022 09:58:15
[Mon Jan 22 19:09:45.225009 2024] [core:notice] [pid 11852:tid 448] AH00094: Command line: 'c:\\xampp\\apache\\bin\\httpd.exe -d C:/xampp/apache'
[Mon Jan 22 19:09:45.229010 2024] [mpm_winnt:notice] [pid 11852:tid 448] AH00418: Parent: Created child process 13532
[Mon Jan 22 19:09:45.591671 2024] [ssl:warn] [pid 13532:tid 456] AH01909: www.example.com:443:0 server certificate does NOT include an ID which matches the server name
[Mon Jan 22 19:09:45.630644 2024] [ssl:warn] [pid 13532:tid 456] AH01909: www.example.com:443:0 server certificate does NOT include an ID which matches the server name
[Mon Jan 22 19:09:45.670642 2024] [mpm_winnt:notice] [pid 13532:tid 456] AH00354: Child: Starting 150 worker threads.
[Tue Jan 23 15:59:45.197345 2024] [ssl:warn] [pid 18020:tid 448] AH01909: www.example.com:443:0 server certificate does NOT include an ID which matches the server name
[Tue Jan 23 15:59:45.251344 2024] [core:warn] [pid 18020:tid 448] AH00098: pid file C:/xampp/apache/logs/httpd.pid overwritten -- Unclean shutdown of previous Apache run?
[Tue Jan 23 15:59:45.255344 2024] [ssl:warn] [pid 18020:tid 448] AH01909: www.example.com:443:0 server certificate does NOT include an ID which matches the server name
[Tue Jan 23 15:59:45.854346 2024] [mpm_winnt:notice] [pid 18020:tid 448] AH00455: Apache/2.4.54 (Win64) OpenSSL/1.1.1p PHP/8.2.0 configured -- resuming normal operations
[Tue Jan 23 15:59:45.854346 2024] [mpm_winnt:notice] [pid 18020:tid 448] AH00456: Apache Lounge VS16 Server built: Jun 22 2022 09:58:15
[Tue Jan 23 15:59:45.854346 2024] [core:notice] [pid 18020:tid 448] AH00094: Command line: 'c:\\xampp\\apache\\bin\\httpd.exe -d C:/xampp/apache'
[Tue Jan 23 15:59:45.861349 2024] [mpm_winnt:notice] [pid 18020:tid 448] AH00418: Parent: Created child process 20684
[Tue Jan 23 15:59:46.258356 2024] [ssl:warn] [pid 20684:tid 464] AH01909: www.example.com:443:0 server certificate does NOT include an ID which matches the server name
[Tue Jan 23 15:59:46.297360 2024] [ssl:warn] [pid 20684:tid 464] AH01909: www.example.com:443:0 server certificate does NOT include an ID which matches the server name
[Tue Jan 23 15:59:46.341348 2024] [mpm_winnt:notice] [pid 20684:tid 464] AH00354: Child: Starting 150 worker threads.
[Tue Jan 23 16:35:09.201895 2024] [ssl:warn] [pid 18548:tid 440] AH01909: www.example.com:443:0 server certificate does NOT include an ID which matches the server name
[Tue Jan 23 16:35:09.320900 2024] [core:warn] [pid 18548:tid 440] AH00098: pid file C:/xampp/apache/logs/httpd.pid overwritten -- Unclean shutdown of previous Apache run?
[Tue Jan 23 16:35:09.324899 2024] [ssl:warn] [pid 18548:tid 440] AH01909: www.example.com:443:0 server certificate does NOT include an ID which matches the server name
[Tue Jan 23 16:35:09.425913 2024] [mpm_winnt:notice] [pid 18548:tid 440] AH00455: Apache/2.4.54 (Win64) OpenSSL/1.1.1p PHP/8.2.0 configured -- resuming normal operations
[Tue Jan 23 16:35:09.425913 2024] [mpm_winnt:notice] [pid 18548:tid 440] AH00456: Apache Lounge VS16 Server built: Jun 22 2022 09:58:15
[Tue Jan 23 16:35:09.425913 2024] [core:notice] [pid 18548:tid 440] AH00094: Command line: 'c:\\xampp\\apache\\bin\\httpd.exe -d C:/xampp/apache'
[Tue Jan 23 16:35:09.432902 2024] [mpm_winnt:notice] [pid 18548:tid 440] AH00418: Parent: Created child process 1056
[Tue Jan 23 16:35:10.475935 2024] [ssl:warn] [pid 1056:tid 444] AH01909: www.example.com:443:0 server certificate does NOT include an ID which matches the server name
[Tue Jan 23 16:35:10.548936 2024] [ssl:warn] [pid 1056:tid 444] AH01909: www.example.com:443:0 server certificate does NOT include an ID which matches the server name
[Tue Jan 23 16:35:10.700941 2024] [mpm_winnt:notice] [pid 1056:tid 444] AH00354: Child: Starting 150 worker threads.
[Tue Jan 23 16:44:33.528831 2024] [ssl:warn] [pid 7140:tid 492] AH01909: www.example.com:443:0 server certificate does NOT include an ID which matches the server name
[Tue Jan 23 16:44:33.573839 2024] [core:warn] [pid 7140:tid 492] AH00098: pid file C:/xampp/apache/logs/httpd.pid overwritten -- Unclean shutdown of previous Apache run?
[Tue Jan 23 16:44:33.577841 2024] [ssl:warn] [pid 7140:tid 492] AH01909: www.example.com:443:0 server certificate does NOT include an ID which matches the server name
[Tue Jan 23 16:44:33.618866 2024] [mpm_winnt:notice] [pid 7140:tid 492] AH00455: Apache/2.4.54 (Win64) OpenSSL/1.1.1p PHP/8.2.0 configured -- resuming normal operations
[Tue Jan 23 16:44:33.618866 2024] [mpm_winnt:notice] [pid 7140:tid 492] AH00456: Apache Lounge VS16 Server built: Jun 22 2022 09:58:15
[Tue Jan 23 16:44:33.618866 2024] [core:notice] [pid 7140:tid 492] AH00094: Command line: 'c:\\xampp\\apache\\bin\\httpd.exe -d C:/xampp/apache'
[Tue Jan 23 16:44:33.623837 2024] [mpm_winnt:notice] [pid 7140:tid 492] AH00418: Parent: Created child process 16564
[Tue Jan 23 16:44:34.012837 2024] [ssl:warn] [pid 16564:tid 444] AH01909: www.example.com:443:0 server certificate does NOT include an ID which matches the server name
[Tue Jan 23 16:44:34.058838 2024] [ssl:warn] [pid 16564:tid 444] AH01909: www.example.com:443:0 server certificate does NOT include an ID which matches the server name
[Tue Jan 23 16:44:34.119841 2024] [mpm_winnt:notice] [pid 16564:tid 444] AH00354: Child: Starting 150 worker threads.
[Wed Jan 24 13:04:36.778039 2024] [ssl:warn] [pid 15604:tid 212] AH01909: www.example.com:443:0 server certificate does NOT include an ID which matches the server name
[Wed Jan 24 13:04:36.825039 2024] [core:warn] [pid 15604:tid 212] AH00098: pid file C:/xampp/apache/logs/httpd.pid overwritten -- Unclean shutdown of previous Apache run?
[Wed Jan 24 13:04:36.829040 2024] [ssl:warn] [pid 15604:tid 212] AH01909: www.example.com:443:0 server certificate does NOT include an ID which matches the server name
[Wed Jan 24 13:04:37.360044 2024] [mpm_winnt:notice] [pid 15604:tid 212] AH00455: Apache/2.4.54 (Win64) OpenSSL/1.1.1p PHP/8.2.0 configured -- resuming normal operations
[Wed Jan 24 13:04:37.360044 2024] [mpm_winnt:notice] [pid 15604:tid 212] AH00456: Apache Lounge VS16 Server built: Jun 22 2022 09:58:15
[Wed Jan 24 13:04:37.360044 2024] [core:notice] [pid 15604:tid 212] AH00094: Command line: 'c:\\xampp\\apache\\bin\\httpd.exe -d C:/xampp/apache'
[Wed Jan 24 13:04:37.363046 2024] [mpm_winnt:notice] [pid 15604:tid 212] AH00418: Parent: Created child process 14012
[Wed Jan 24 13:04:37.720327 2024] [ssl:warn] [pid 14012:tid 460] AH01909: www.example.com:443:0 server certificate does NOT include an ID which matches the server name
[Wed Jan 24 13:04:37.751427 2024] [ssl:warn] [pid 14012:tid 460] AH01909: www.example.com:443:0 server certificate does NOT include an ID which matches the server name
[Wed Jan 24 13:04:37.788402 2024] [mpm_winnt:notice] [pid 14012:tid 460] AH00354: Child: Starting 150 worker threads.
[Fri Jan 26 09:42:12.389481 2024] [ssl:warn] [pid 3908:tid 440] AH01909: www.example.com:443:0 server certificate does NOT include an ID which matches the server name
[Fri Jan 26 09:42:12.452050 2024] [core:warn] [pid 3908:tid 440] AH00098: pid file C:/xampp/apache/logs/httpd.pid overwritten -- Unclean shutdown of previous Apache run?
[Fri Jan 26 09:42:12.452050 2024] [ssl:warn] [pid 3908:tid 440] AH01909: www.example.com:443:0 server certificate does NOT include an ID which matches the server name
[Fri Jan 26 09:42:12.797273 2024] [mpm_winnt:notice] [pid 3908:tid 440] AH00455: Apache/2.4.54 (Win64) OpenSSL/1.1.1p PHP/8.2.0 configured -- resuming normal operations
[Fri Jan 26 09:42:12.797273 2024] [mpm_winnt:notice] [pid 3908:tid 440] AH00456: Apache Lounge VS16 Server built: Jun 22 2022 09:58:15
[Fri Jan 26 09:42:12.797273 2024] [core:notice] [pid 3908:tid 440] AH00094: Command line: 'c:\\xampp\\apache\\bin\\httpd.exe -d C:/xampp/apache'
[Fri Jan 26 09:42:12.797273 2024] [mpm_winnt:notice] [pid 3908:tid 440] AH00418: Parent: Created child process 14616
[Fri Jan 26 09:42:13.181791 2024] [ssl:warn] [pid 14616:tid 480] AH01909: www.example.com:443:0 server certificate does NOT include an ID which matches the server name
[Fri Jan 26 09:42:13.201560 2024] [ssl:warn] [pid 14616:tid 480] AH01909: www.example.com:443:0 server certificate does NOT include an ID which matches the server name
[Fri Jan 26 09:42:13.248454 2024] [mpm_winnt:notice] [pid 14616:tid 480] AH00354: Child: Starting 150 worker threads.
[Fri Jan 26 12:31:16.617788 2024] [ssl:warn] [pid 14780:tid 452] AH01909: www.example.com:443:0 server certificate does NOT include an ID which matches the server name
[Fri Jan 26 12:31:16.664706 2024] [core:warn] [pid 14780:tid 452] AH00098: pid file C:/xampp/apache/logs/httpd.pid overwritten -- Unclean shutdown of previous Apache run?
[Fri Jan 26 12:31:16.664706 2024] [ssl:warn] [pid 14780:tid 452] AH01909: www.example.com:443:0 server certificate does NOT include an ID which matches the server name
[Fri Jan 26 12:31:16.711539 2024] [mpm_winnt:notice] [pid 14780:tid 452] AH00455: Apache/2.4.54 (Win64) OpenSSL/1.1.1p PHP/8.2.0 configured -- resuming normal operations
[Fri Jan 26 12:31:16.711539 2024] [mpm_winnt:notice] [pid 14780:tid 452] AH00456: Apache Lounge VS16 Server built: Jun 22 2022 09:58:15
[Fri Jan 26 12:31:16.711539 2024] [core:notice] [pid 14780:tid 452] AH00094: Command line: 'c:\\xampp\\apache\\bin\\httpd.exe -d C:/xampp/apache'
[Fri Jan 26 12:31:16.711539 2024] [mpm_winnt:notice] [pid 14780:tid 452] AH00418: Parent: Created child process 20060
[Fri Jan 26 12:31:17.118104 2024] [ssl:warn] [pid 20060:tid 464] AH01909: www.example.com:443:0 server certificate does NOT include an ID which matches the server name
[Fri Jan 26 12:31:17.150466 2024] [ssl:warn] [pid 20060:tid 464] AH01909: www.example.com:443:0 server certificate does NOT include an ID which matches the server name
[Fri Jan 26 12:31:17.181714 2024] [mpm_winnt:notice] [pid 20060:tid 464] AH00354: Child: Starting 150 worker threads.
[Fri Jan 26 14:10:17.017613 2024] [php:error] [pid 20060:tid 1844] [client 172.20.10.2:63217] script 'C:/xampp/htdocs/ZestCons/getAppoitnemnt.php' not found or unable to stat
[Fri Jan 26 14:10:36.340141 2024] [php:warn] [pid 20060:tid 1848] [client 172.20.10.2:63218] PHP Warning:  Undefined array key "teachID" in C:\\xampp\\htdocs\\ZestCons\\getAppointment.php on line 10
[Fri Jan 26 15:54:17.872243 2024] [php:warn] [pid 20060:tid 1844] [client 192.168.43.5:58330] PHP Warning:  Undefined variable $return in C:\\xampp\\htdocs\\ZestCons\\getStudentProfile.php on line 36, referer: http://localhost:58100/
[Sat Jan 27 11:42:02.736537 2024] [ssl:warn] [pid 25076:tid 456] AH01909: www.example.com:443:0 server certificate does NOT include an ID which matches the server name
[Sat Jan 27 11:42:02.854541 2024] [core:warn] [pid 25076:tid 456] AH00098: pid file C:/xampp/apache/logs/httpd.pid overwritten -- Unclean shutdown of previous Apache run?
[Sat Jan 27 11:42:02.858540 2024] [ssl:warn] [pid 25076:tid 456] AH01909: www.example.com:443:0 server certificate does NOT include an ID which matches the server name
[Sat Jan 27 11:42:04.409616 2024] [mpm_winnt:notice] [pid 25076:tid 456] AH00455: Apache/2.4.54 (Win64) OpenSSL/1.1.1p PHP/8.2.0 configured -- resuming normal operations
[Sat Jan 27 11:42:04.409616 2024] [mpm_winnt:notice] [pid 25076:tid 456] AH00456: Apache Lounge VS16 Server built: Jun 22 2022 09:58:15
[Sat Jan 27 11:42:04.409616 2024] [core:notice] [pid 25076:tid 456] AH00094: Command line: 'c:\\xampp\\apache\\bin\\httpd.exe -d C:/xampp/apache'
[Sat Jan 27 11:42:04.432617 2024] [mpm_winnt:notice] [pid 25076:tid 456] AH00418: Parent: Created child process 26544
[Sat Jan 27 11:42:06.089406 2024] [ssl:warn] [pid 26544:tid 444] AH01909: www.example.com:443:0 server certificate does NOT include an ID which matches the server name
[Sat Jan 27 11:42:06.206405 2024] [ssl:warn] [pid 26544:tid 444] AH01909: www.example.com:443:0 server certificate does NOT include an ID which matches the server name
[Sat Jan 27 11:42:06.351407 2024] [mpm_winnt:notice] [pid 26544:tid 444] AH00354: Child: Starting 150 worker threads.
[Sat Jan 27 14:46:02.282377 2024] [ssl:warn] [pid 16980:tid 440] AH01909: www.example.com:443:0 server certificate does NOT include an ID which matches the server name
[Sat Jan 27 14:46:02.330377 2024] [core:warn] [pid 16980:tid 440] AH00098: pid file C:/xampp/apache/logs/httpd.pid overwritten -- Unclean shutdown of previous Apache run?
[Sat Jan 27 14:46:02.338377 2024] [ssl:warn] [pid 16980:tid 440] AH01909: www.example.com:443:0 server certificate does NOT include an ID which matches the server name
[Sat Jan 27 14:46:02.858375 2024] [mpm_winnt:notice] [pid 16980:tid 440] AH00455: Apache/2.4.54 (Win64) OpenSSL/1.1.1p PHP/8.2.0 configured -- resuming normal operations
[Sat Jan 27 14:46:02.858375 2024] [mpm_winnt:notice] [pid 16980:tid 440] AH00456: Apache Lounge VS16 Server built: Jun 22 2022 09:58:15
[Sat Jan 27 14:46:02.858375 2024] [core:notice] [pid 16980:tid 440] AH00094: Command line: 'c:\\xampp\\apache\\bin\\httpd.exe -d C:/xampp/apache'
[Sat Jan 27 14:46:02.866377 2024] [mpm_winnt:notice] [pid 16980:tid 440] AH00418: Parent: Created child process 10800
[Sat Jan 27 14:46:03.650377 2024] [ssl:warn] [pid 10800:tid 448] AH01909: www.example.com:443:0 server certificate does NOT include an ID which matches the server name
[Sat Jan 27 14:46:03.706378 2024] [ssl:warn] [pid 10800:tid 448] AH01909: www.example.com:443:0 server certificate does NOT include an ID which matches the server name
[Sat Jan 27 14:46:03.778377 2024] [mpm_winnt:notice] [pid 10800:tid 448] AH00354: Child: Starting 150 worker threads.
[Sun Jan 28 17:19:29.568185 2024] [ssl:warn] [pid 6112:tid 464] AH01909: www.example.com:443:0 server certificate does NOT include an ID which matches the server name
[Sun Jan 28 17:19:29.610185 2024] [core:warn] [pid 6112:tid 464] AH00098: pid file C:/xampp/apache/logs/httpd.pid overwritten -- Unclean shutdown of previous Apache run?
[Sun Jan 28 17:19:29.613184 2024] [ssl:warn] [pid 6112:tid 464] AH01909: www.example.com:443:0 server certificate does NOT include an ID which matches the server name
[Sun Jan 28 17:19:29.963184 2024] [mpm_winnt:notice] [pid 6112:tid 464] AH00455: Apache/2.4.54 (Win64) OpenSSL/1.1.1p PHP/8.2.0 configured -- resuming normal operations
[Sun Jan 28 17:19:29.963184 2024] [mpm_winnt:notice] [pid 6112:tid 464] AH00456: Apache Lounge VS16 Server built: Jun 22 2022 09:58:15
[Sun Jan 28 17:19:29.963184 2024] [core:notice] [pid 6112:tid 464] AH00094: Command line: 'c:\\xampp\\apache\\bin\\httpd.exe -d C:/xampp/apache'
[Sun Jan 28 17:19:29.967184 2024] [mpm_winnt:notice] [pid 6112:tid 464] AH00418: Parent: Created child process 19356
[Sun Jan 28 17:19:30.333225 2024] [ssl:warn] [pid 19356:tid 464] AH01909: www.example.com:443:0 server certificate does NOT include an ID which matches the server name
[Sun Jan 28 17:19:30.371186 2024] [ssl:warn] [pid 19356:tid 464] AH01909: www.example.com:443:0 server certificate does NOT include an ID which matches the server name
[Sun Jan 28 17:19:30.432187 2024] [mpm_winnt:notice] [pid 19356:tid 464] AH00354: Child: Starting 150 worker threads.
[Sun Jan 28 22:17:21.374623 2024] [ssl:warn] [pid 21352:tid 440] AH01909: www.example.com:443:0 server certificate does NOT include an ID which matches the server name
[Sun Jan 28 22:17:21.410624 2024] [core:warn] [pid 21352:tid 440] AH00098: pid file C:/xampp/apache/logs/httpd.pid overwritten -- Unclean shutdown of previous Apache run?
[Sun Jan 28 22:17:21.413627 2024] [ssl:warn] [pid 21352:tid 440] AH01909: www.example.com:443:0 server certificate does NOT include an ID which matches the server name
[Sun Jan 28 22:17:21.710933 2024] [mpm_winnt:notice] [pid 21352:tid 440] AH00455: Apache/2.4.54 (Win64) OpenSSL/1.1.1p PHP/8.2.0 configured -- resuming normal operations
[Sun Jan 28 22:17:21.710933 2024] [mpm_winnt:notice] [pid 21352:tid 440] AH00456: Apache Lounge VS16 Server built: Jun 22 2022 09:58:15
[Sun Jan 28 22:17:21.710933 2024] [core:notice] [pid 21352:tid 440] AH00094: Command line: 'c:\\xampp\\apache\\bin\\httpd.exe -d C:/xampp/apache'
[Sun Jan 28 22:17:21.714933 2024] [mpm_winnt:notice] [pid 21352:tid 440] AH00418: Parent: Created child process 10136
[Sun Jan 28 22:17:22.158316 2024] [ssl:warn] [pid 10136:tid 452] AH01909: www.example.com:443:0 server certificate does NOT include an ID which matches the server name
[Sun Jan 28 22:17:22.192675 2024] [ssl:warn] [pid 10136:tid 452] AH01909: www.example.com:443:0 server certificate does NOT include an ID which matches the server name
[Sun Jan 28 22:17:22.228714 2024] [mpm_winnt:notice] [pid 10136:tid 452] AH00354: Child: Starting 150 worker threads.
[Mon Jan 29 00:28:28.173555 2024] [ssl:warn] [pid 13136:tid 460] AH01909: www.example.com:443:0 server certificate does NOT include an ID which matches the server name
[Mon Jan 29 00:28:28.254557 2024] [core:warn] [pid 13136:tid 460] AH00098: pid file C:/xampp/apache/logs/httpd.pid overwritten -- Unclean shutdown of previous Apache run?
[Mon Jan 29 00:28:28.258556 2024] [ssl:warn] [pid 13136:tid 460] AH01909: www.example.com:443:0 server certificate does NOT include an ID which matches the server name
[Mon Jan 29 00:28:28.846305 2024] [mpm_winnt:notice] [pid 13136:tid 460] AH00455: Apache/2.4.54 (Win64) OpenSSL/1.1.1p PHP/8.2.0 configured -- resuming normal operations
[Mon Jan 29 00:28:28.846305 2024] [mpm_winnt:notice] [pid 13136:tid 460] AH00456: Apache Lounge VS16 Server built: Jun 22 2022 09:58:15
[Mon Jan 29 00:28:28.846305 2024] [core:notice] [pid 13136:tid 460] AH00094: Command line: 'c:\\xampp\\apache\\bin\\httpd.exe -d C:/xampp/apache'
[Mon Jan 29 00:28:28.856309 2024] [mpm_winnt:notice] [pid 13136:tid 460] AH00418: Parent: Created child process 6760
[Mon Jan 29 00:28:30.153177 2024] [ssl:warn] [pid 6760:tid 456] AH01909: www.example.com:443:0 server certificate does NOT include an ID which matches the server name
[Mon Jan 29 00:28:30.232178 2024] [ssl:warn] [pid 6760:tid 456] AH01909: www.example.com:443:0 server certificate does NOT include an ID which matches the server name
[Mon Jan 29 00:28:30.311179 2024] [mpm_winnt:notice] [pid 6760:tid 456] AH00354: Child: Starting 150 worker threads.
[Tue Jan 30 13:49:59.711212 2024] [ssl:warn] [pid 31676:tid 456] AH01909: www.example.com:443:0 server certificate does NOT include an ID which matches the server name
[Tue Jan 30 13:49:59.749216 2024] [core:warn] [pid 31676:tid 456] AH00098: pid file C:/xampp/apache/logs/httpd.pid overwritten -- Unclean shutdown of previous Apache run?
[Tue Jan 30 13:49:59.752206 2024] [ssl:warn] [pid 31676:tid 456] AH01909: www.example.com:443:0 server certificate does NOT include an ID which matches the server name
[Tue Jan 30 13:50:00.182204 2024] [mpm_winnt:notice] [pid 31676:tid 456] AH00455: Apache/2.4.54 (Win64) OpenSSL/1.1.1p PHP/8.2.0 configured -- resuming normal operations
[Tue Jan 30 13:50:00.182204 2024] [mpm_winnt:notice] [pid 31676:tid 456] AH00456: Apache Lounge VS16 Server built: Jun 22 2022 09:58:15
[Tue Jan 30 13:50:00.182204 2024] [core:notice] [pid 31676:tid 456] AH00094: Command line: 'c:\\xampp\\apache\\bin\\httpd.exe -d C:/xampp/apache'
[Tue Jan 30 13:50:00.186209 2024] [mpm_winnt:notice] [pid 31676:tid 456] AH00418: Parent: Created child process 31960
[Tue Jan 30 13:50:00.541105 2024] [ssl:warn] [pid 31960:tid 440] AH01909: www.example.com:443:0 server certificate does NOT include an ID which matches the server name
[Tue Jan 30 13:50:00.573105 2024] [ssl:warn] [pid 31960:tid 440] AH01909: www.example.com:443:0 server certificate does NOT include an ID which matches the server name
[Tue Jan 30 13:50:00.613106 2024] [mpm_winnt:notice] [pid 31960:tid 440] AH00354: Child: Starting 150 worker threads.
